INFO: [2021-02-14 22:18:19] genewalk.resources - Using /Users/yizhouyu/camDrive/Miguel_shared_Yizhou/Project_Abeta/Abeta_proteomics/data_out/resources as resource folder.
INFO: [2021-02-14 22:18:19] genewalk.resources - Downloading http://snapshot.geneontology.org/ontology/go.obo into /Users/yizhouyu/camDrive/Miguel_shared_Yizhou/Project_Abeta/Abeta_proteomics/data_out/resources/go.obo
INFO: [2021-02-14 22:18:20] genewalk.resources - Downloading http://geneontology.org/gene-associations/goa_human.gaf.gz and extracting into /Users/yizhouyu/camDrive/Miguel_shared_Yizhou/Project_Abeta/Abeta_proteomics/data_out/resources/goa_human.gaf
INFO: [2021-02-14 22:18:21] genewalk.resources - Downloading http://www.pathwaycommons.org/archives/PC2/v12/PathwayCommons12.All.hgnc.sif.gz and extracting into /Users/yizhouyu/camDrive/Miguel_shared_Yizhou/Project_Abeta/Abeta_proteomics/data_out/resources/PathwayCommons12.All.hgnc.sif
INFO: [2021-02-14 22:18:23] genewalk.resources - Replacing outdated HGNC symbols in /Users/yizhouyu/camDrive/Miguel_shared_Yizhou/Project_Abeta/Abeta_proteomics/data_out/resources/PathwayCommons12.All.hgnc.sif and save as /Users/yizhouyu/camDrive/Miguel_shared_Yizhou/Project_Abeta/Abeta_proteomics/data_out/resources/PathwayCommons12.All.hgnc_current.sif
INFO: [2021-02-14 22:18:54] genewalk.resources - Downloading http://www.informatics.jax.org/downloads/reports/MGI_EntrezGene.rpt into /Users/yizhouyu/camDrive/Miguel_shared_Yizhou/Project_Abeta/Abeta_proteomics/data_out/resources/MGI_EntrezGene.rpt
INFO: [2021-02-14 22:20:58] genewalk.resources - Using /Users/yizhouyu/camDrive/Miguel_shared_Yizhou/Project_Abeta/Abeta_proteomics/data_out/resources as resource folder.
WARNING: [2021-02-14 22:20:59] genewalk.gene_lists - Could not get HGNC name for ID ﻿4189
INFO: [2021-02-14 22:20:59] genewalk.cli - Saving into /Users/yizhouyu/camDrive/Miguel_shared_Yizhou/Project_Abeta/Abeta_proteomics/data_out/Abeta_protUp_PCA_C06/genes.pkl...
INFO: [2021-02-14 22:21:02] genewalk.nx_mg_assembler - Adding gene edges from Pathway Commons to graph.
INFO: [2021-02-14 22:21:12] genewalk.nx_mg_assembler - Number of PC originating nodes 205
INFO: [2021-02-14 22:21:13] genewalk.nx_mg_assembler - Adding GO annotations for genes in graph.
INFO: [2021-02-14 22:21:17] genewalk.nx_mg_assembler - Adding GO ontology edges to graph.
INFO: [2021-02-14 22:21:17] genewalk.cli - Saving into /Users/yizhouyu/camDrive/Miguel_shared_Yizhou/Project_Abeta/Abeta_proteomics/data_out/Abeta_protUp_PCA_C06/multi_graph.pkl...
INFO: [2021-02-14 22:21:17] genewalk.cli - 1/3
INFO: [2021-02-14 22:21:17] genewalk.deepwalk - Running random walks...
INFO: [2021-02-14 22:23:27] genewalk.deepwalk - 3339855/14843800 walks complete in 129.96s
INFO: [2021-02-14 22:23:36] genewalk.deepwalk - 6679710/14843800 walks complete in 138.61s
INFO: [2021-02-14 22:23:43] genewalk.deepwalk - 10019565/14843800 walks complete in 145.63s
INFO: [2021-02-14 22:23:52] genewalk.deepwalk - 13359420/14843800 walks complete in 154.70s
INFO: [2021-02-14 22:23:59] genewalk.deepwalk - Running random walks done in 161.82s
INFO: [2021-02-14 22:23:59] genewalk.deepwalk - Generating node vectors...
INFO: [2021-02-14 22:29:38] genewalk.deepwalk - Generating node vectors done in 339.23s
INFO: [2021-02-14 22:29:38] genewalk.cli - Saving into /Users/yizhouyu/camDrive/Miguel_shared_Yizhou/Project_Abeta/Abeta_proteomics/data_out/Abeta_protUp_PCA_C06/deepwalk_node_vectors_1.pkl...
INFO: [2021-02-14 22:29:40] genewalk.cli - 2/3
INFO: [2021-02-14 22:29:40] genewalk.deepwalk - Running random walks...
INFO: [2021-02-14 22:31:35] genewalk.deepwalk - 3339855/14843800 walks complete in 115.01s
INFO: [2021-02-14 22:31:43] genewalk.deepwalk - 6679710/14843800 walks complete in 123.20s
INFO: [2021-02-14 22:31:51] genewalk.deepwalk - 10019565/14843800 walks complete in 131.66s
INFO: [2021-02-14 22:32:03] genewalk.deepwalk - 13359420/14843800 walks complete in 143.38s
INFO: [2021-02-14 22:32:07] genewalk.deepwalk - Running random walks done in 147.58s
INFO: [2021-02-14 22:32:07] genewalk.deepwalk - Generating node vectors...
INFO: [2021-02-14 22:37:36] genewalk.deepwalk - Generating node vectors done in 328.67s
INFO: [2021-02-14 22:37:36] genewalk.cli - Saving into /Users/yizhouyu/camDrive/Miguel_shared_Yizhou/Project_Abeta/Abeta_proteomics/data_out/Abeta_protUp_PCA_C06/deepwalk_node_vectors_2.pkl...
INFO: [2021-02-14 22:37:37] genewalk.cli - 3/3
INFO: [2021-02-14 22:37:37] genewalk.deepwalk - Running random walks...
INFO: [2021-02-14 22:39:29] genewalk.deepwalk - 3339855/14843800 walks complete in 111.43s
INFO: [2021-02-14 22:39:37] genewalk.deepwalk - 6679710/14843800 walks complete in 119.92s
INFO: [2021-02-14 22:39:44] genewalk.deepwalk - 10019565/14843800 walks complete in 126.45s
INFO: [2021-02-14 22:39:50] genewalk.deepwalk - 13359420/14843800 walks complete in 132.61s
INFO: [2021-02-14 22:39:59] genewalk.deepwalk - Running random walks done in 141.90s
INFO: [2021-02-14 22:39:59] genewalk.deepwalk - Generating node vectors...
INFO: [2021-02-14 22:45:23] genewalk.deepwalk - Generating node vectors done in 323.52s
INFO: [2021-02-14 22:45:23] genewalk.cli - Saving into /Users/yizhouyu/camDrive/Miguel_shared_Yizhou/Project_Abeta/Abeta_proteomics/data_out/Abeta_protUp_PCA_C06/deepwalk_node_vectors_3.pkl...
INFO: [2021-02-14 22:45:24] genewalk.cli - Loading /Users/yizhouyu/camDrive/Miguel_shared_Yizhou/Project_Abeta/Abeta_proteomics/data_out/Abeta_protUp_PCA_C06/multi_graph.pkl...
INFO: [2021-02-14 22:45:24] genewalk.cli - 1/3
INFO: [2021-02-14 22:45:26] genewalk.deepwalk - Running random walks...
INFO: [2021-02-14 22:47:33] genewalk.deepwalk - 3582742/15923300 walks complete in 126.88s
INFO: [2021-02-14 22:47:42] genewalk.deepwalk - 7165484/15923300 walks complete in 136.27s
INFO: [2021-02-14 22:47:54] genewalk.deepwalk - 10748226/15923300 walks complete in 147.78s
INFO: [2021-02-14 22:48:02] genewalk.deepwalk - 14330968/15923300 walks complete in 156.04s
INFO: [2021-02-14 22:48:05] genewalk.deepwalk - Running random walks done in 158.95s
INFO: [2021-02-14 22:48:05] genewalk.deepwalk - Generating node vectors...
INFO: [2021-02-14 22:54:54] genewalk.deepwalk - Generating node vectors done in 409.05s
INFO: [2021-02-14 22:54:55] genewalk.cli - Saving into /Users/yizhouyu/camDrive/Miguel_shared_Yizhou/Project_Abeta/Abeta_proteomics/data_out/Abeta_protUp_PCA_C06/deepwalk_node_vectors_rand_1.pkl...
INFO: [2021-02-14 22:54:57] genewalk.cli - 2/3
INFO: [2021-02-14 22:54:59] genewalk.deepwalk - Running random walks...
INFO: [2021-02-14 22:57:09] genewalk.deepwalk - 3583822/15928100 walks complete in 129.57s
INFO: [2021-02-14 22:57:17] genewalk.deepwalk - 7167644/15928100 walks complete in 138.46s
INFO: [2021-02-14 22:57:25] genewalk.deepwalk - 10751466/15928100 walks complete in 146.22s
INFO: [2021-02-14 22:57:35] genewalk.deepwalk - 14335288/15928100 walks complete in 156.16s
INFO: [2021-02-14 22:57:41] genewalk.deepwalk - Running random walks done in 161.90s
INFO: [2021-02-14 22:57:41] genewalk.deepwalk - Generating node vectors...
INFO: [2021-02-14 23:04:36] genewalk.deepwalk - Generating node vectors done in 415.17s
INFO: [2021-02-14 23:04:37] genewalk.cli - Saving into /Users/yizhouyu/camDrive/Miguel_shared_Yizhou/Project_Abeta/Abeta_proteomics/data_out/Abeta_protUp_PCA_C06/deepwalk_node_vectors_rand_2.pkl...
INFO: [2021-02-14 23:04:39] genewalk.cli - 3/3
INFO: [2021-02-14 23:04:41] genewalk.deepwalk - Running random walks...
INFO: [2021-02-14 23:06:49] genewalk.deepwalk - 3582855/15923800 walks complete in 128.51s
INFO: [2021-02-14 23:06:59] genewalk.deepwalk - 7165710/15923800 walks complete in 138.45s
INFO: [2021-02-14 23:07:07] genewalk.deepwalk - 10748565/15923800 walks complete in 146.44s
INFO: [2021-02-14 23:07:18] genewalk.deepwalk - 14331420/15923800 walks complete in 156.94s
INFO: [2021-02-14 23:07:22] genewalk.deepwalk - Running random walks done in 161.18s
INFO: [2021-02-14 23:07:22] genewalk.deepwalk - Generating node vectors...
INFO: [2021-02-14 23:14:11] genewalk.deepwalk - Generating node vectors done in 409.09s
INFO: [2021-02-14 23:14:11] genewalk.cli - Saving into /Users/yizhouyu/camDrive/Miguel_shared_Yizhou/Project_Abeta/Abeta_proteomics/data_out/Abeta_protUp_PCA_C06/deepwalk_node_vectors_rand_3.pkl...
INFO: [2021-02-14 23:14:14] genewalk.cli - Saving into /Users/yizhouyu/camDrive/Miguel_shared_Yizhou/Project_Abeta/Abeta_proteomics/data_out/Abeta_protUp_PCA_C06/genewalk_rand_simdists.pkl...
INFO: [2021-02-14 23:14:14] genewalk.cli - Loading /Users/yizhouyu/camDrive/Miguel_shared_Yizhou/Project_Abeta/Abeta_proteomics/data_out/Abeta_protUp_PCA_C06/multi_graph.pkl...
INFO: [2021-02-14 23:14:14] genewalk.cli - Loading /Users/yizhouyu/camDrive/Miguel_shared_Yizhou/Project_Abeta/Abeta_proteomics/data_out/Abeta_protUp_PCA_C06/genes.pkl...
INFO: [2021-02-14 23:14:14] genewalk.cli - Loading /Users/yizhouyu/camDrive/Miguel_shared_Yizhou/Project_Abeta/Abeta_proteomics/data_out/Abeta_protUp_PCA_C06/deepwalk_node_vectors_1.pkl...
INFO: [2021-02-14 23:14:15] genewalk.cli - Loading /Users/yizhouyu/camDrive/Miguel_shared_Yizhou/Project_Abeta/Abeta_proteomics/data_out/Abeta_protUp_PCA_C06/deepwalk_node_vectors_2.pkl...
INFO: [2021-02-14 23:14:15] genewalk.cli - Loading /Users/yizhouyu/camDrive/Miguel_shared_Yizhou/Project_Abeta/Abeta_proteomics/data_out/Abeta_protUp_PCA_C06/deepwalk_node_vectors_3.pkl...
INFO: [2021-02-14 23:14:15] genewalk.cli - Loading /Users/yizhouyu/camDrive/Miguel_shared_Yizhou/Project_Abeta/Abeta_proteomics/data_out/Abeta_protUp_PCA_C06/genewalk_rand_simdists.pkl...
INFO: [2021-02-14 23:14:15] genewalk.cli - Saving final results into /Users/yizhouyu/camDrive/Miguel_shared_Yizhou/Project_Abeta/Abeta_proteomics/data_out/Abeta_protUp_PCA_C06/genewalk_results.csv
INFO: [2021-02-14 23:14:15] genewalk.cli - Creating figures folder at /Users/yizhouyu/camDrive/Miguel_shared_Yizhou/Project_Abeta/Abeta_proteomics/data_out/Abeta_protUp_PCA_C06/figures
INFO: [2021-02-14 23:14:15] genewalk.cli - Creating barplots folder at /Users/yizhouyu/camDrive/Miguel_shared_Yizhou/Project_Abeta/Abeta_proteomics/data_out/Abeta_protUp_PCA_C06/figures/barplots
INFO: [2021-02-14 23:14:16] genewalk.plot - Scatter plot data output to genewalk_scatterplots.csv...
INFO: [2021-02-14 23:14:20] genewalk.plot - Regulator genes plotted in regulators_x_gene_con_y_frac_rel_go...
INFO: [2021-02-14 23:14:20] genewalk.plot - Regulator genes listed in genewalk_regulators.csv...
INFO: [2021-02-14 23:14:21] genewalk.plot - Moonlighting genes plotted in moonlighters_x_go_con_y_frac_rel_go...
INFO: [2021-02-14 23:14:21] genewalk.plot - Moonlighting genes listed in genewalk_moonlighters.csv...
INFO: [2021-02-14 23:14:21] genewalk.plot - Barplot generated for 3570 in barplot_ACSL3_3570_x_mlog10global_padj_y_GO....
INFO: [2021-02-14 23:14:22] genewalk.plot - Barplot generated for 257 in barplot_ADK_257_x_mlog10global_padj_y_GO....
INFO: [2021-02-14 23:14:22] genewalk.plot - Barplot generated for 343 in barplot_AHCY_343_x_mlog10global_padj_y_GO....
INFO: [2021-02-14 23:14:22] genewalk.plot - Barplot generated for 29181 in barplot_TCF25_29181_x_mlog10global_padj_y_GO....
INFO: [2021-02-14 23:14:22] genewalk.plot - Barplot generated for 29858 in barplot_NLK_29858_x_mlog10global_padj_y_GO....
INFO: [2021-02-14 23:14:22] genewalk.plot - Barplot generated for 18402 in barplot_UBXN1_18402_x_mlog10global_padj_y_GO....
INFO: [2021-02-14 23:14:23] genewalk.plot - Barplot generated for 170 in barplot_ACTR3_170_x_mlog10global_padj_y_GO....
INFO: [2021-02-14 23:14:23] genewalk.plot - Barplot generated for 12383 in barplot_EIPR1_12383_x_mlog10global_padj_y_GO....
INFO: [2021-02-14 23:14:23] genewalk.plot - Barplot generated for 6096 in barplot_AQP12B_6096_x_mlog10global_padj_y_GO....
INFO: [2021-02-14 23:14:23] genewalk.plot - Barplot generated for 19941 in barplot_AQP12A_19941_x_mlog10global_padj_y_GO....
INFO: [2021-02-14 23:14:23] genewalk.plot - Barplot generated for 652 in barplot_ARF1_652_x_mlog10global_padj_y_GO....
INFO: [2021-02-14 23:14:23] genewalk.plot - Barplot generated for 1994 in barplot_CKM_1994_x_mlog10global_padj_y_GO....
INFO: [2021-02-14 23:14:24] genewalk.plot - Barplot generated for 692 in barplot_ARL1_692_x_mlog10global_padj_y_GO....
INFO: [2021-02-14 23:14:24] genewalk.plot - Barplot generated for 703 in barplot_ARPC1A_703_x_mlog10global_padj_y_GO....
INFO: [2021-02-14 23:14:24] genewalk.plot - Barplot generated for 5187 in barplot_PRMT1_5187_x_mlog10global_padj_y_GO....
INFO: [2021-02-14 23:14:24] genewalk.plot - Barplot generated for 20995 in barplot_ASF1A_20995_x_mlog10global_padj_y_GO....
INFO: [2021-02-14 23:14:24] genewalk.plot - Barplot generated for 27607 in barplot_PPP1R37_27607_x_mlog10global_padj_y_GO....
INFO: [2021-02-14 23:14:25] genewalk.plot - Barplot generated for 30528 in barplot_DNAJC19_30528_x_mlog10global_padj_y_GO....
INFO: [2021-02-14 23:14:25] genewalk.plot - Barplot generated for 12482 in barplot_UBE2G1_12482_x_mlog10global_padj_y_GO....
INFO: [2021-02-14 23:14:25] genewalk.plot - Barplot generated for 30547 in barplot_BTF3L4_30547_x_mlog10global_padj_y_GO....
INFO: [2021-02-14 23:14:25] genewalk.plot - Barplot generated for 1151 in barplot_BUB3_1151_x_mlog10global_padj_y_GO....
INFO: [2021-02-14 23:14:25] genewalk.plot - Barplot generated for 9887 in barplot_RBBP4_9887_x_mlog10global_padj_y_GO....
INFO: [2021-02-14 23:14:25] genewalk.plot - Barplot generated for 1910 in barplot_CHAF1A_1910_x_mlog10global_padj_y_GO....
INFO: [2021-02-14 23:14:26] genewalk.plot - Barplot generated for 1911 in barplot_CHAF1B_1911_x_mlog10global_padj_y_GO....
INFO: [2021-02-14 23:14:26] genewalk.plot - Barplot generated for 14101 in barplot_CNOT7_14101_x_mlog10global_padj_y_GO....
INFO: [2021-02-14 23:14:26] genewalk.plot - Barplot generated for 1617 in barplot_CCT4_1617_x_mlog10global_padj_y_GO....
INFO: [2021-02-14 23:14:27] genewalk.plot - Barplot generated for 1620 in barplot_CCT6A_1620_x_mlog10global_padj_y_GO....
INFO: [2021-02-14 23:14:27] genewalk.plot - Barplot generated for 1622 in barplot_CCT7_1622_x_mlog10global_padj_y_GO....
INFO: [2021-02-14 23:14:27] genewalk.plot - Barplot generated for 1623 in barplot_CCT8_1623_x_mlog10global_padj_y_GO....
INFO: [2021-02-14 23:14:28] genewalk.plot - Barplot generated for 1722 in barplot_CDK1_1722_x_mlog10global_padj_y_GO....
INFO: [2021-02-14 23:14:28] genewalk.plot - Barplot generated for 24656 in barplot_EIF3K_24656_x_mlog10global_padj_y_GO....
INFO: [2021-02-14 23:14:28] genewalk.plot - Barplot generated for 25576 in barplot_NAXD_25576_x_mlog10global_padj_y_GO....
INFO: [2021-02-14 23:14:28] genewalk.plot - Barplot generated for 18399 in barplot_DHRSX_18399_x_mlog10global_padj_y_GO....
INFO: [2021-02-14 23:14:28] genewalk.plot - Barplot generated for 10675 in barplot_SDF2_10675_x_mlog10global_padj_y_GO....
INFO: [2021-02-14 23:14:28] genewalk.plot - Barplot generated for 2672 in barplot_DAP_2672_x_mlog10global_padj_y_GO....
INFO: [2021-02-14 23:14:28] genewalk.plot - Barplot generated for 20134 in barplot_GLRX5_20134_x_mlog10global_padj_y_GO....
INFO: [2021-02-14 23:14:28] genewalk.plot - Barplot generated for 3718 in barplot_FKBP2_3718_x_mlog10global_padj_y_GO....
INFO: [2021-02-14 23:14:29] genewalk.plot - Barplot generated for 4907 in barplot_HIBADH_4907_x_mlog10global_padj_y_GO....
INFO: [2021-02-14 23:14:29] genewalk.plot - Barplot generated for 28963 in barplot_EMC2_28963_x_mlog10global_padj_y_GO....
INFO: [2021-02-14 23:14:29] genewalk.plot - Barplot generated for 30826 in barplot_NT5DC3_30826_x_mlog10global_padj_y_GO....
INFO: [2021-02-14 23:14:29] genewalk.plot - Barplot generated for 11579 in barplot_TBCA_11579_x_mlog10global_padj_y_GO....
INFO: [2021-02-14 23:14:29] genewalk.plot - Barplot generated for 6936 in barplot_MCCC1_6936_x_mlog10global_padj_y_GO....
INFO: [2021-02-14 23:14:29] genewalk.plot - Barplot generated for 9255 in barplot_PPIB_9255_x_mlog10global_padj_y_GO....
INFO: [2021-02-14 23:14:30] genewalk.plot - Barplot generated for 26928 in barplot_CDV3_26928_x_mlog10global_padj_y_GO....
INFO: [2021-02-14 23:14:30] genewalk.plot - Barplot generated for 29796 in barplot_LAMTOR2_29796_x_mlog10global_padj_y_GO....
INFO: [2021-02-14 23:14:30] genewalk.plot - Barplot generated for 18572 in barplot_HSDL2_18572_x_mlog10global_padj_y_GO....
INFO: [2021-02-14 23:14:30] genewalk.plot - Barplot generated for 3151 in barplot_ECHS1_3151_x_mlog10global_padj_y_GO....
INFO: [2021-02-14 23:14:30] genewalk.plot - Barplot generated for 18304 in barplot_COTL1_18304_x_mlog10global_padj_y_GO....
INFO: [2021-02-14 23:14:30] genewalk.plot - Barplot generated for 18985 in barplot_DCXR_18985_x_mlog10global_padj_y_GO....
INFO: [2021-02-14 23:14:30] genewalk.plot - Barplot generated for 2473 in barplot_CST1_2473_x_mlog10global_padj_y_GO....
INFO: [2021-02-14 23:14:31] genewalk.plot - Barplot generated for 2476 in barplot_CST4_2476_x_mlog10global_padj_y_GO....
INFO: [2021-02-14 23:14:31] genewalk.plot - Barplot generated for 2475 in barplot_CST3_2475_x_mlog10global_padj_y_GO....
INFO: [2021-02-14 23:14:31] genewalk.plot - Barplot generated for 2477 in barplot_CST5_2477_x_mlog10global_padj_y_GO....
INFO: [2021-02-14 23:14:31] genewalk.plot - Barplot generated for 2474 in barplot_CST2_2474_x_mlog10global_padj_y_GO....
INFO: [2021-02-14 23:14:31] genewalk.plot - Barplot generated for 29878 in barplot_NIT2_29878_x_mlog10global_padj_y_GO....
INFO: [2021-02-14 23:14:31] genewalk.plot - Barplot generated for 7644 in barplot_NASP_7644_x_mlog10global_padj_y_GO....
INFO: [2021-02-14 23:14:32] genewalk.plot - Barplot generated for 17017 in barplot_LSM6_17017_x_mlog10global_padj_y_GO....
INFO: [2021-02-14 23:14:32] genewalk.plot - Barplot generated for 31103 in barplot_PFN4_31103_x_mlog10global_padj_y_GO....
INFO: [2021-02-14 23:14:32] genewalk.plot - Barplot generated for 17820 in barplot_NT5C3A_17820_x_mlog10global_padj_y_GO....
INFO: [2021-02-14 23:14:32] genewalk.plot - Barplot generated for 28300 in barplot_NT5C3B_28300_x_mlog10global_padj_y_GO....
INFO: [2021-02-14 23:14:32] genewalk.plot - Barplot generated for 19431 in barplot_CNIH1_19431_x_mlog10global_padj_y_GO....
INFO: [2021-02-14 23:14:33] genewalk.plot - Barplot generated for 649 in barplot_ARCN1_649_x_mlog10global_padj_y_GO....
INFO: [2021-02-14 23:14:33] genewalk.plot - Barplot generated for 27309 in barplot_DHFR2_27309_x_mlog10global_padj_y_GO....
INFO: [2021-02-14 23:14:33] genewalk.plot - Barplot generated for 4212 in barplot_GDA_4212_x_mlog10global_padj_y_GO....
INFO: [2021-02-14 23:14:33] genewalk.plot - Barplot generated for 9175 in barplot_POLD1_9175_x_mlog10global_padj_y_GO....
INFO: [2021-02-14 23:14:33] genewalk.plot - Barplot generated for 24270 in barplot_DPH5_24270_x_mlog10global_padj_y_GO....
INFO: [2021-02-14 23:14:33] genewalk.plot - Barplot generated for 3078 in barplot_DUT_3078_x_mlog10global_padj_y_GO....
INFO: [2021-02-14 23:14:34] genewalk.plot - Barplot generated for 6890 in barplot_MAPRE1_6890_x_mlog10global_padj_y_GO....
INFO: [2021-02-14 23:14:34] genewalk.plot - Barplot generated for 6583 in barplot_EIF2D_6583_x_mlog10global_padj_y_GO....
INFO: [2021-02-14 23:14:34] genewalk.plot - Barplot generated for 21689 in barplot_FIS1_21689_x_mlog10global_padj_y_GO....
INFO: [2021-02-14 23:14:35] genewalk.plot - Barplot generated for 3711 in barplot_FKBP1A_3711_x_mlog10global_padj_y_GO....
INFO: [2021-02-14 23:14:35] genewalk.plot - Barplot generated for 3712 in barplot_FKBP1B_3712_x_mlog10global_padj_y_GO....
INFO: [2021-02-14 23:14:35] genewalk.plot - Barplot generated for 1365 in barplot_CACFD1_1365_x_mlog10global_padj_y_GO....
INFO: [2021-02-14 23:14:35] genewalk.plot - Barplot generated for 4116 in barplot_GALE_4116_x_mlog10global_padj_y_GO....
INFO: [2021-02-14 23:14:36] genewalk.plot - Barplot generated for 17493 in barplot_GMNN_17493_x_mlog10global_padj_y_GO....
INFO: [2021-02-14 23:14:36] genewalk.plot - Barplot generated for 4242 in barplot_GFPT2_4242_x_mlog10global_padj_y_GO....
INFO: [2021-02-14 23:14:36] genewalk.plot - Barplot generated for 4433 in barplot_GOT2_4433_x_mlog10global_padj_y_GO....
INFO: [2021-02-14 23:14:36] genewalk.plot - Barplot generated for 4642 in barplot_GSTT2_4642_x_mlog10global_padj_y_GO....
INFO: [2021-02-14 23:14:36] genewalk.plot - Barplot generated for 4195 in barplot_GCK_4195_x_mlog10global_padj_y_GO....
INFO: [2021-02-14 23:14:36] genewalk.plot - Barplot generated for 23056 in barplot_ALG3_23056_x_mlog10global_padj_y_GO....
INFO: [2021-02-14 23:14:37] genewalk.plot - Barplot generated for 9901 in barplot_RBM4_9901_x_mlog10global_padj_y_GO....
INFO: [2021-02-14 23:14:37] genewalk.plot - Barplot generated for 20472 in barplot_LSM1_20472_x_mlog10global_padj_y_GO....
INFO: [2021-02-14 23:14:37] genewalk.plot - Barplot generated for 12485 in barplot_UBE2I_12485_x_mlog10global_padj_y_GO....
INFO: [2021-02-14 23:14:37] genewalk.plot - Barplot generated for 7993 in barplot_NRBP1_7993_x_mlog10global_padj_y_GO....
INFO: [2021-02-14 23:14:38] genewalk.plot - Barplot generated for 16677 in barplot_ANP32B_16677_x_mlog10global_padj_y_GO....
INFO: [2021-02-14 23:14:38] genewalk.plot - Barplot generated for 6944 in barplot_MCM2_6944_x_mlog10global_padj_y_GO....
INFO: [2021-02-14 23:14:38] genewalk.plot - Barplot generated for 23357 in barplot_MCTS1_23357_x_mlog10global_padj_y_GO....
INFO: [2021-02-14 23:14:38] genewalk.plot - Barplot generated for 2747 in barplot_DDX6_2747_x_mlog10global_padj_y_GO....
INFO: [2021-02-14 23:14:39] genewalk.plot - Barplot generated for 14054 in barplot_MRPL15_14054_x_mlog10global_padj_y_GO....
INFO: [2021-02-14 23:14:39] genewalk.plot - Barplot generated for 14483 in barplot_MRPL27_14483_x_mlog10global_padj_y_GO....
INFO: [2021-02-14 23:14:39] genewalk.plot - Barplot generated for 14517 in barplot_MRPL43_14517_x_mlog10global_padj_y_GO....
INFO: [2021-02-14 23:14:39] genewalk.plot - Barplot generated for 14050 in barplot_MRPS11_14050_x_mlog10global_padj_y_GO....
INFO: [2021-02-14 23:14:39] genewalk.plot - Barplot generated for 14515 in barplot_MRPS18A_14515_x_mlog10global_padj_y_GO....
INFO: [2021-02-14 23:14:39] genewalk.plot - Barplot generated for 14510 in barplot_MRPS24_14510_x_mlog10global_padj_y_GO....
INFO: [2021-02-14 23:14:39] genewalk.plot - Barplot generated for 7461 in barplot_MT-ND5_7461_x_mlog10global_padj_y_GO....
INFO: [2021-02-14 23:14:40] genewalk.plot - Barplot generated for 7712 in barplot_NDUFS5_7712_x_mlog10global_padj_y_GO....
INFO: [2021-02-14 23:14:40] genewalk.plot - Barplot generated for 7714 in barplot_NDUFS7_7714_x_mlog10global_padj_y_GO....
INFO: [2021-02-14 23:14:40] genewalk.plot - Barplot generated for 7715 in barplot_NDUFS8_7715_x_mlog10global_padj_y_GO....
INFO: [2021-02-14 23:14:40] genewalk.plot - Barplot generated for 7706 in barplot_NDUFC2_7706_x_mlog10global_padj_y_GO....
INFO: [2021-02-14 23:14:40] genewalk.plot - Barplot generated for 23987 in barplot_NDUFA12_23987_x_mlog10global_padj_y_GO....
INFO: [2021-02-14 23:14:40] genewalk.plot - Barplot generated for 7702 in barplot_NDUFB7_7702_x_mlog10global_padj_y_GO....
INFO: [2021-02-14 23:14:40] genewalk.plot - Barplot generated for 7704 in barplot_NDUFB9_7704_x_mlog10global_padj_y_GO....
INFO: [2021-02-14 23:14:41] genewalk.plot - Barplot generated for 4179 in barplot_NIPSNAP2_4179_x_mlog10global_padj_y_GO....
INFO: [2021-02-14 23:14:41] genewalk.plot - Barplot generated for 30863 in barplot_UQCR10_30863_x_mlog10global_padj_y_GO....
INFO: [2021-02-14 23:14:41] genewalk.plot - Barplot generated for 8729 in barplot_PCNA_8729_x_mlog10global_padj_y_GO....
INFO: [2021-02-14 23:14:41] genewalk.plot - Barplot generated for 6395 in barplot_KPNA2_6395_x_mlog10global_padj_y_GO....
INFO: [2021-02-14 23:14:41] genewalk.plot - Barplot generated for 8965 in barplot_PIGK_8965_x_mlog10global_padj_y_GO....
INFO: [2021-02-14 23:14:42] genewalk.plot - Barplot generated for 29932 in barplot_COASY_29932_x_mlog10global_padj_y_GO....
INFO: [2021-02-14 23:14:42] genewalk.plot - Barplot generated for 9531 in barplot_PSMA2_9531_x_mlog10global_padj_y_GO....
INFO: [2021-02-14 23:14:42] genewalk.plot - Barplot generated for 9539 in barplot_PSMB2_9539_x_mlog10global_padj_y_GO....
INFO: [2021-02-14 23:14:42] genewalk.plot - Barplot generated for 14449 in barplot_OPN4_14449_x_mlog10global_padj_y_GO....
INFO: [2021-02-14 23:14:42] genewalk.plot - Barplot generated for 1424 in barplot_CAD_1424_x_mlog10global_padj_y_GO....
INFO: [2021-02-14 23:14:43] genewalk.plot - Barplot generated for 9855 in barplot_RAP1A_9855_x_mlog10global_padj_y_GO....
INFO: [2021-02-14 23:14:43] genewalk.plot - Barplot generated for 9788 in barplot_RAB7A_9788_x_mlog10global_padj_y_GO....
INFO: [2021-02-14 23:14:43] genewalk.plot - Barplot generated for 9839 in barplot_RALA_9839_x_mlog10global_padj_y_GO....
INFO: [2021-02-14 23:14:44] genewalk.plot - Barplot generated for 10290 in barplot_RPA2_10290_x_mlog10global_padj_y_GO....
INFO: [2021-02-14 23:14:44] genewalk.plot - Barplot generated for 10299 in barplot_RPL10A_10299_x_mlog10global_padj_y_GO....
INFO: [2021-02-14 23:14:44] genewalk.plot - Barplot generated for 10305 in barplot_RPL14_10305_x_mlog10global_padj_y_GO....
INFO: [2021-02-14 23:14:45] genewalk.plot - Barplot generated for 10312 in barplot_RPL19_10312_x_mlog10global_padj_y_GO....
INFO: [2021-02-14 23:14:45] genewalk.plot - Barplot generated for 10329 in barplot_RPL27A_10329_x_mlog10global_padj_y_GO....
INFO: [2021-02-14 23:14:45] genewalk.plot - Barplot generated for 10330 in barplot_RPL28_10330_x_mlog10global_padj_y_GO....
INFO: [2021-02-14 23:14:45] genewalk.plot - Barplot generated for 10333 in barplot_RPL30_10333_x_mlog10global_padj_y_GO....
INFO: [2021-02-14 23:14:45] genewalk.plot - Barplot generated for 10336 in barplot_RPL32_10336_x_mlog10global_padj_y_GO....
INFO: [2021-02-14 23:14:45] genewalk.plot - Barplot generated for 10340 in barplot_RPL34_10340_x_mlog10global_padj_y_GO....
INFO: [2021-02-14 23:14:46] genewalk.plot - Barplot generated for 10348 in barplot_RPL37A_10348_x_mlog10global_padj_y_GO....
INFO: [2021-02-14 23:14:46] genewalk.plot - Barplot generated for 10364 in barplot_RPL7A_10364_x_mlog10global_padj_y_GO....
INFO: [2021-02-14 23:14:46] genewalk.plot - Barplot generated for 10368 in barplot_RPL8_10368_x_mlog10global_padj_y_GO....
INFO: [2021-02-14 23:14:46] genewalk.plot - Barplot generated for 16889 in barplot_PSMD14_16889_x_mlog10global_padj_y_GO....
INFO: [2021-02-14 23:14:46] genewalk.plot - Barplot generated for 9556 in barplot_PSMD11_9556_x_mlog10global_padj_y_GO....
INFO: [2021-02-14 23:14:46] genewalk.plot - Barplot generated for 9565 in barplot_PSMD7_9565_x_mlog10global_padj_y_GO....
INFO: [2021-02-14 23:14:47] genewalk.plot - Barplot generated for 9558 in barplot_PSMD13_9558_x_mlog10global_padj_y_GO....
INFO: [2021-02-14 23:14:47] genewalk.plot - Barplot generated for 10385 in barplot_RPS12_10385_x_mlog10global_padj_y_GO....
INFO: [2021-02-14 23:14:47] genewalk.plot - Barplot generated for 10397 in barplot_RPS17_10397_x_mlog10global_padj_y_GO....
INFO: [2021-02-14 23:14:47] genewalk.plot - Barplot generated for 10401 in barplot_RPS18_10401_x_mlog10global_padj_y_GO....
INFO: [2021-02-14 23:14:47] genewalk.plot - Barplot generated for 10417 in barplot_RPS27A_10417_x_mlog10global_padj_y_GO....
INFO: [2021-02-14 23:14:47] genewalk.plot - Barplot generated for 10421 in barplot_RPS3A_10421_x_mlog10global_padj_y_GO....
INFO: [2021-02-14 23:14:48] genewalk.plot - Barplot generated for 24662 in barplot_EXOSC5_24662_x_mlog10global_padj_y_GO....
INFO: [2021-02-14 23:14:48] genewalk.plot - Barplot generated for 14085 in barplot_RTN4_14085_x_mlog10global_padj_y_GO....
INFO: [2021-02-14 23:14:48] genewalk.plot - Barplot generated for 10469 in barplot_RTN3_10469_x_mlog10global_padj_y_GO....
INFO: [2021-02-14 23:14:49] genewalk.plot - Barplot generated for 10467 in barplot_RTN1_10467_x_mlog10global_padj_y_GO....
INFO: [2021-02-14 23:14:49] genewalk.plot - Barplot generated for 6904 in barplot_MAT2A_6904_x_mlog10global_padj_y_GO....
INFO: [2021-02-14 23:14:49] genewalk.plot - Barplot generated for 10760 in barplot_SET_10760_x_mlog10global_padj_y_GO....
INFO: [2021-02-14 23:14:49] genewalk.plot - Barplot generated for 23567 in barplot_SGTB_23567_x_mlog10global_padj_y_GO....
INFO: [2021-02-14 23:14:49] genewalk.plot - Barplot generated for 9989 in barplot_RGN_9989_x_mlog10global_padj_y_GO....
INFO: [2021-02-14 23:14:49] genewalk.plot - Barplot generated for 11257 in barplot_SPR_11257_x_mlog10global_padj_y_GO....
INFO: [2021-02-14 23:14:49] genewalk.plot - Barplot generated for 24085 in barplot_SRPRB_24085_x_mlog10global_padj_y_GO....
INFO: [2021-02-14 23:14:50] genewalk.plot - Barplot generated for 11324 in barplot_SSR2_11324_x_mlog10global_padj_y_GO....
INFO: [2021-02-14 23:14:50] genewalk.plot - Barplot generated for 11655 in barplot_TCP1_11655_x_mlog10global_padj_y_GO....
INFO: [2021-02-14 23:14:50] genewalk.plot - Barplot generated for 11559 in barplot_TALDO1_11559_x_mlog10global_padj_y_GO....
INFO: [2021-02-14 23:14:50] genewalk.plot - Barplot generated for 3098 in barplot_TOR1A_3098_x_mlog10global_padj_y_GO....
INFO: [2021-02-14 23:14:51] genewalk.plot - Barplot generated for 12729 in barplot_WARS1_12729_x_mlog10global_padj_y_GO....
INFO: [2021-02-14 23:14:51] genewalk.plot - Barplot generated for 1875 in barplot_CFL2_1875_x_mlog10global_padj_y_GO....
INFO: [2021-02-14 23:14:51] genewalk.plot - Barplot generated for 11152 in barplot_SNRPA1_11152_x_mlog10global_padj_y_GO....
INFO: [2021-02-14 23:14:51] genewalk.plot - Barplot generated for 12473 in barplot_UBE2B_12473_x_mlog10global_padj_y_GO....
INFO: [2021-02-14 23:14:52] genewalk.plot - Barplot generated for 28528 in barplot_UGT2A3_28528_x_mlog10global_padj_y_GO....
INFO: [2021-02-14 23:14:52] genewalk.plot - Barplot generated for 12546 in barplot_UGT2B15_12546_x_mlog10global_padj_y_GO....
INFO: [2021-02-14 23:14:52] genewalk.plot - Barplot generated for 13527 in barplot_ATP6V1D_13527_x_mlog10global_padj_y_GO....
INFO: [2021-02-14 23:14:52] genewalk.plot - Barplot generated for 15937 in barplot_UBE2C_15937_x_mlog10global_padj_y_GO....
INFO: [2021-02-14 23:14:52] genewalk.plot - Barplot generated for 18178 in barplot_VPS28_18178_x_mlog10global_padj_y_GO....
INFO: [2021-02-14 23:14:53] genewalk.plot - Barplot generated for 3481 in barplot_ETFA_3481_x_mlog10global_padj_y_GO....
INFO: [2021-02-14 23:14:53] genewalk.plot - Barplot generated for 10789 in barplot_SRSF7_10789_x_mlog10global_padj_y_GO....
INFO: [2021-02-14 23:14:53] genewalk.plot - Barplot generated for 7568 in barplot_MYH10_7568_x_mlog10global_padj_y_GO....
INFO: [2021-02-14 23:14:53] genewalk.plot - Barplot generated for 26741 in barplot_CES4A_26741_x_mlog10global_padj_y_GO....
INFO: [2021-02-14 23:14:54] genewalk.plot - Barplot generated for 1863 in barplot_CES1_1863_x_mlog10global_padj_y_GO....
INFO: [2021-02-14 23:14:54] genewalk.plot - Barplot generated for 1864 in barplot_CES2_1864_x_mlog10global_padj_y_GO....
INFO: [2021-02-14 23:14:54] genewalk.plot - Barplot generated for 26459 in barplot_CES5A_26459_x_mlog10global_padj_y_GO....
INFO: [2021-02-14 23:14:54] genewalk.plot - Barplot generated for 1865 in barplot_CES3_1865_x_mlog10global_padj_y_GO....
INFO: [2021-02-14 23:14:54] genewalk.plot - Barplot generated for 17715 in barplot_ACBD7_17715_x_mlog10global_padj_y_GO....
INFO: [2021-02-14 23:14:54] genewalk.plot - Barplot generated for 18246 in barplot_CRYL1_18246_x_mlog10global_padj_y_GO....
INFO: [2021-02-14 23:14:55] genewalk.plot - Barplot generated for 16753 in barplot_PRDX6_16753_x_mlog10global_padj_y_GO....
INFO: [2021-02-14 23:14:55] genewalk.plot - Barplot generated for 6891 in barplot_MAPRE2_6891_x_mlog10global_padj_y_GO....
INFO: [2021-02-14 23:14:55] genewalk.plot - Barplot generated for 9718 in barplot_PXN_9718_x_mlog10global_padj_y_GO....
INFO: [2021-02-14 23:14:55] genewalk.plot - Barplot generated for 14061 in barplot_LPXN_14061_x_mlog10global_padj_y_GO....
INFO: [2021-02-14 23:14:55] genewalk.plot - Barplot generated for 11767 in barplot_TGFB1I1_11767_x_mlog10global_padj_y_GO....
INFO: [2021-02-14 23:14:56] genewalk.plot - Barplot generated for 119 in barplot_ACOX1_119_x_mlog10global_padj_y_GO....
INFO: [2021-02-14 23:14:56] genewalk.plot - Barplot generated for 9259 in barplot_PPIF_9259_x_mlog10global_padj_y_GO....
INFO: [2021-02-14 23:14:56] genewalk.plot - Barplot generated for 2638 in barplot_CYP3A5_2638_x_mlog10global_padj_y_GO....
INFO: [2021-02-14 23:14:56] genewalk.plot - Barplot generated for 12530 in barplot_UGT1A1_12530_x_mlog10global_padj_y_GO....
INFO: [2021-02-14 23:14:57] genewalk.plot - Barplot generated for 12553 in barplot_UGT2B4_12553_x_mlog10global_padj_y_GO....
INFO: [2021-02-14 23:14:57] genewalk.plot - Barplot generated for 12555 in barplot_UGT8_12555_x_mlog10global_padj_y_GO....
INFO: [2021-02-14 23:14:57] genewalk.plot - Barplot generated for 13479 in barplot_UGT2B28_13479_x_mlog10global_padj_y_GO....
INFO: [2021-02-14 23:14:57] genewalk.plot - Barplot generated for 12535 in barplot_UGT1A3_12535_x_mlog10global_padj_y_GO....
INFO: [2021-02-14 23:14:57] genewalk.plot - Barplot generated for 12547 in barplot_UGT2B17_12547_x_mlog10global_padj_y_GO....
INFO: [2021-02-14 23:14:57] genewalk.plot - Barplot generated for 12545 in barplot_UGT2B11_12545_x_mlog10global_padj_y_GO....
INFO: [2021-02-14 23:14:58] genewalk.plot - Barplot generated for 12554 in barplot_UGT2B7_12554_x_mlog10global_padj_y_GO....
INFO: [2021-02-14 23:14:58] genewalk.plot - Barplot generated for 12544 in barplot_UGT2B10_12544_x_mlog10global_padj_y_GO....
INFO: [2021-02-14 23:14:58] genewalk.plot - Barplot generated for 26930 in barplot_GSTT4_26930_x_mlog10global_padj_y_GO....
INFO: [2021-02-14 23:14:58] genewalk.plot - Barplot generated for 33437 in barplot_GSTT2B_33437_x_mlog10global_padj_y_GO....
INFO: [2021-02-14 23:14:58] genewalk.plot - Barplot generated for 6826 in barplot_MAN2B1_6826_x_mlog10global_padj_y_GO....
INFO: [2021-02-14 23:14:58] genewalk.plot - Barplot generated for 11025 in barplot_SLC3A1_11025_x_mlog10global_padj_y_GO....
INFO: [2021-02-14 23:14:58] genewalk.plot - Barplot generated for 19659 in barplot_SLC36A3_19659_x_mlog10global_padj_y_GO....
INFO: [2021-02-14 23:14:59] genewalk.plot - Barplot generated for 18762 in barplot_SLC36A2_18762_x_mlog10global_padj_y_GO....
INFO: [2021-02-14 23:14:59] genewalk.plot - Barplot generated for 18761 in barplot_SLC36A1_18761_x_mlog10global_padj_y_GO....
INFO: [2021-02-14 23:15:00] genewalk.plot - Barplot generated for 19660 in barplot_SLC36A4_19660_x_mlog10global_padj_y_GO....
INFO: [2021-02-14 23:15:00] genewalk.plot - Barplot generated for 14966 in barplot_PXDN_14966_x_mlog10global_padj_y_GO....
INFO: [2021-02-14 23:15:00] genewalk.plot - Barplot generated for 26359 in barplot_PXDNL_26359_x_mlog10global_padj_y_GO....
INFO: [2021-02-14 23:15:00] genewalk.plot - Barplot generated for 28171 in barplot_HDHD3_28171_x_mlog10global_padj_y_GO....
INFO: [2021-02-14 23:15:00] genewalk.plot - Barplot generated for 10426 in barplot_RPS5_10426_x_mlog10global_padj_y_GO....
INFO: [2021-02-14 23:15:00] genewalk.plot - Barplot generated for 8943 in barplot_SERPINI1_8943_x_mlog10global_padj_y_GO....
INFO: [2021-02-14 23:15:01] genewalk.plot - Barplot generated for 3311 in barplot_SERPINB1_3311_x_mlog10global_padj_y_GO....
INFO: [2021-02-14 23:15:01] genewalk.plot - Barplot generated for 1692 in barplot_CD63_1692_x_mlog10global_padj_y_GO....
INFO: [2021-02-14 23:15:01] genewalk.plot - Barplot generated for 18821 in barplot_LIPI_18821_x_mlog10global_padj_y_GO....
INFO: [2021-02-14 23:15:01] genewalk.plot - Barplot generated for 15710 in barplot_LDB3_15710_x_mlog10global_padj_y_GO....
INFO: [2021-02-14 23:15:01] genewalk.plot - index.html file generated with interactive visualizations of all GeneWalk results...
